1553674861139	geckodriver	INFO	geckodriver 0.21.0 (c7d3022be6420de1ca4076d932aa32b299f3ea10 2018-06-14)
1553674861161	geckodriver	INFO	Listening on 127.0.0.1:53904
1553674863157	mozrunner::runner	INFO	Running command: "C:\\Program Files (x86)\\Mozilla Firefox\\firefox.exe" "-marionette" "-foreground" "-no-remote" "-profile" "C:\\Users\\ADMINI~1\\AppData\\Local\\Temp\\rust_mozprofile.uKSTr1F5fnZ7"
1553674863915	addons.webextension.screenshots@mozilla.org	WARN	Loading extension 'screenshots@mozilla.org': Reading manifest: Invalid extension permission: mozillaAddons
1553674863915	addons.webextension.screenshots@mozilla.org	WARN	Loading extension 'screenshots@mozilla.org': Reading manifest: Invalid extension permission: resource://pdf.js/
1553674863916	addons.webextension.screenshots@mozilla.org	WARN	Loading extension 'screenshots@mozilla.org': Reading manifest: Invalid extension permission: about:reader*
1553674864007	Marionette	TRACE	Received observer notification profile-after-change
1553674864080	Marionette	TRACE	Received observer notification toplevel-window-ready
1553674864101	Marionette	TRACE	Received observer notification command-line-startup
1553674864101	Marionette	TRACE	Received observer notification nsPref:changed
1553674864101	Marionette	DEBUG	Init aborted (running=false, enabled=true, finalUIStartup=false)
1553674864273	Marionette	TRACE	Received observer notification toplevel-window-ready
1553674865068	Marionette	TRACE	Received observer notification sessionstore-windows-restored
1553674865068	Marionette	TRACE	Waiting until startup recorder finished recording startup scripts...
1553674865160	Marionette	TRACE	All scripts recorded.
1553674865160	Marionette	DEBUG	Setting recommended pref app.update.disabledForTesting to true
1553674865160	Marionette	DEBUG	Setting recommended pref apz.content_response_timeout to 60000
1553674865161	Marionette	DEBUG	Setting recommended pref browser.contentblocking.introCount to 99
1553674865161	Marionette	DEBUG	Setting recommended pref browser.download.panel.shown to true
1553674865161	Marionette	DEBUG	Setting recommended pref browser.newtabpage.enabled to false
1553674865161	Marionette	DEBUG	Setting recommended pref browser.pagethumbnails.capturing_disabled to true
1553674865161	Marionette	DEBUG	Setting recommended pref browser.search.update to false
1553674865162	Marionette	DEBUG	Setting recommended pref browser.tabs.disableBackgroundZombification to false
1553674865162	Marionette	DEBUG	Setting recommended pref browser.tabs.warnOnCloseOtherTabs to false
1553674865162	Marionette	DEBUG	Setting recommended pref browser.tabs.warnOnOpen to false
1553674865162	Marionette	DEBUG	Setting recommended pref browser.usedOnWindows10.introURL to 
1553674865162	Marionette	DEBUG	Setting recommended pref browser.urlbar.suggest.searches to false
1553674865162	Marionette	DEBUG	Setting recommended pref datareporting.policy.dataSubmissionPolicyAccepted to false
1553674865162	Marionette	DEBUG	Setting recommended pref dom.disable_beforeunload to true
1553674865163	Marionette	DEBUG	Setting recommended pref dom.disable_open_during_load to false
1553674865163	Marionette	DEBUG	Setting recommended pref dom.file.createInChild to true
1553674865163	Marionette	DEBUG	Setting recommended pref dom.max_chrome_script_run_time to 0
1553674865163	Marionette	DEBUG	Setting recommended pref dom.max_script_run_time to 0
1553674865163	Marionette	DEBUG	Setting recommended pref extensions.getAddons.cache.enabled to false
1553674865163	Marionette	DEBUG	Setting recommended pref extensions.webservice.discoverURL to http://%(server)s/dummy/discoveryURL
1553674865163	Marionette	DEBUG	Setting recommended pref network.http.prompt-temp-redirect to false
1553674865163	Marionette	DEBUG	Setting recommended pref network.http.speculative-parallel-limit to 0
1553674865163	Marionette	DEBUG	Setting recommended pref security.fileuri.strict_origin_policy to false
1553674865164	Marionette	DEBUG	Setting recommended pref security.notification_enable_delay to 0
1553674865164	Marionette	DEBUG	Setting recommended pref signon.autofillForms to false
1553674865164	Marionette	DEBUG	Setting recommended pref signon.rememberSignons to false
1553674865164	Marionette	DEBUG	Setting recommended pref toolkit.cosmeticAnimations.enabled to false
1553674865198	Marionette	INFO	Listening on port 53911
1553674865198	Marionette	DEBUG	Remote service is active
1553674865370	Marionette	DEBUG	Accepted connection 0 from 127.0.0.1:53915
1553674865375	Marionette	DEBUG	0 -> [0,1,"WebDriver:NewSession",{"acceptInsecureCerts":true,"browserName":"firefox","capabilities":{"desiredCapabilities":{"acceptInsecureCerts":true,"browserName":"firefox"}}}]
1553674865375	Marionette	WARN	TLS certificate errors will be ignored for this session
1553674865422	Marionette	TRACE	[6442450945] Frame script loaded
1553674865437	Marionette	TRACE	[6442450945] Frame script registered
1553674865439	Marionette	DEBUG	0 <- [1,1,null,{"sessionId":"d0a2de58-641b-4740-8490-ef5b45f9b715","capabilities":{"browserName":"firefox","browserVersion":"66.0. ... alse,"moz:webdriverClick":true,"capabilities":{"desiredCapabilities":{"acceptInsecureCerts":true,"browserName":"firefox"}}}}]
1553674865487	Marionette	DEBUG	0 -> [0,2,"WebDriver:MaximizeWindow",{}]
1553674866018	Marionette	DEBUG	0 <- [1,2,null,{"x":-8,"y":-8,"width":1936,"height":1056}]
1553674866040	Marionette	DEBUG	Closed connection 0
[Parent 20452, Gecko_IOThread] WARNING: pipe error: 109: file z:/build/build/src/ipc/chromium/src/chrome/common/ipc_channel_win.cc, line 332
[Parent 20452, Gecko_IOThread] WARNING: pipe error: 109: file z:/build/build/src/ipc/chromium/src/chrome/common/ipc_channel_win.cc, line 332
[Child 15244, Chrome_ChildThread] WARNING: pipe error: 109: file z:/build/build/src/ipc/chromium/src/chrome/common/ipc_channel_win.cc, line 332
[Child 20020, Chrome_ChildThread] WARNING: pipe error: 109: file z:/build/build/src/ipc/chromium/src/chrome/common/ipc_channel_win.cc, line 332
[Child 20020, Chrome_ChildThread] WARNING: p[Parent 20452, Gecko_IOThread] WARNING: file z:/build/build/src/ipc/chromium/src/base/process_util_win.cc, line 166
[Child 17724, Chrome_ChildThread] WARNING: pipe error: 109: file z:/build/build/src/ipc/chromium/src/chrome/common/ipc_channel_win.cc, line 332
[Child 17724, [Parent 20452, Gecko_IOThread] WARNING: file z:/build/build/src/ipc/chromium/src/base/process_util_win.cc, line 166
1553674922916	Marionette	TRACE	Received observer notification xpcom-will-shutdown
1553674922916	Marionette	DEBUG	Resetting recommended pref app.update.disabledForTesting
1553674922916	Marionette	DEBUG	Resetting recommended pref apz.content_response_timeout
1553674922916	Marionette	DEBUG	Resetting recommended pref browser.contentblocking.introCount
1553674922916	Marionette	DEBUG	Resetting recommended pref browser.download.panel.shown
1553674922916	Marionette	DEBUG	Resetting recommended pref browser.newtabpage.enabled
1553674922917	Marionette	DEBUG	Resetting recommended pref browser.pagethumbnails.capturing_disabled
1553674922917	Marionette	DEBUG	Resetting recommended pref browser.search.update
1553674922917	Marionette	DEBUG	Resetting recommended pref browser.tabs.disableBackgroundZombification
1553674922918	Marionette	DEBUG	Resetting recommended pref browser.tabs.warnOnCloseOtherTabs
1553674922918	Marionette	DEBUG	Resetting recommended pref browser.tabs.warnOnOpen
1553674922918	Marionette	DEBUG	Resetting recommended pref browser.usedOnWindows10.introURL
1553674922918	Marionette	DEBUG	Resetting recommended pref browser.urlbar.suggest.searches
1553674922918	Marionette	DEBUG	Resetting recommended pref datareporting.policy.dataSubmissionPolicyAccepted
1553674922919	Marionette	DEBUG	Resetting recommended pref dom.disable_beforeunload
1553674922919	Marionette	DEBUG	Resetting recommended pref dom.disable_open_during_load
1553674922919	Marionette	DEBUG	Resetting recommended pref dom.file.createInChild
1553674922919	Marionette	DEBUG	Resetting recommended pref dom.max_chrome_script_run_time
1553674922919	Marionette	DEBUG	Resetting recommended pref dom.max_script_run_time
1553674922919	Marionette	DEBUG	Resetting recommended pref extensions.getAddons.cache.enabled
1553674922919	Marionette	DEBUG	Resetting recommended pref extensions.webservice.discoverURL
1553674922919	Marionette	DEBUG	Resetting recommended pref network.http.prompt-temp-redirect
1553674922919	Marionette	DEBUG	Resetting recommended pref network.http.speculative-parallel-limit
1553674922920	Marionette	DEBUG	Resetting recommended pref security.fileuri.strict_origin_policy
1553674922920	Marionette	DEBUG	Resetting recommended pref security.notification_enable_delay
1553674922920	Marionette	DEBUG	Resetting recommended pref signon.autofillForms
1553674922920	Marionette	DEBUG	Resetting recommended pref signon.rememberSignons
1553674922920	Marionette	DEBUG	Resetting recommended pref toolkit.cosmeticAnimations.enabled
1553674922920	Marionette	INFO	Stopped listening on port 53911
1553674922920	Marionette	DEBUG	Remote service is inactive

###!!! [Child][MessageChannel::SendAndWait] Error: Channel error: cannot send/recv

1553676301835	geckodriver	INFO	geckodriver 0.21.0 (c7d3022be6420de1ca4076d932aa32b299f3ea10 2018-06-14)
1553676301847	geckodriver	INFO	Listening on 127.0.0.1:55218
1553676303874	mozrunner::runner	INFO	Running command: "C:\\Program Files (x86)\\Mozilla Firefox\\firefox.exe" "-marionette" "-foreground" "-no-remote" "-profile" "C:\\Users\\ADMINI~1\\AppData\\Local\\Temp\\rust_mozprofile.kROgzbGCb7F8"
1553676304555	addons.webextension.screenshots@mozilla.org	WARN	Loading extension 'screenshots@mozilla.org': Reading manifest: Invalid extension permission: mozillaAddons
1553676304555	addons.webextension.screenshots@mozilla.org	WARN	Loading extension 'screenshots@mozilla.org': Reading manifest: Invalid extension permission: resource://pdf.js/
1553676304555	addons.webextension.screenshots@mozilla.org	WARN	Loading extension 'screenshots@mozilla.org': Reading manifest: Invalid extension permission: about:reader*
1553676304647	Marionette	TRACE	Received observer notification profile-after-change
1553676304708	Marionette	TRACE	Received observer notification toplevel-window-ready
1553676304739	Marionette	TRACE	Received observer notification command-line-startup
1553676304739	Marionette	TRACE	Received observer notification nsPref:changed
1553676304739	Marionette	DEBUG	Init aborted (running=false, enabled=true, finalUIStartup=false)
1553676305673	Marionette	TRACE	Received observer notification toplevel-window-ready
[Child 7244, Chrome_ChildThread] WARNING: pipe error: 109: file z:/build/build/src/ipc/chromium/src/chrome/common/ipc_channel_win.cc, line 332
[Child 7244, C1553676307448	Marionette	TRACE	Received observer notification sessionstore-windows-restored
1553676307448	Marionette	TRACE	Waiting until startup recorder finished recording startup scripts...
1553676307534	Marionette	TRACE	All scripts recorded.
1553676307534	Marionette	DEBUG	Setting recommended pref app.update.disabledForTesting to true
1553676307534	Marionette	DEBUG	Setting recommended pref apz.content_response_timeout to 60000
1553676307535	Marionette	DEBUG	Setting recommended pref browser.contentblocking.introCount to 99
1553676307535	Marionette	DEBUG	Setting recommended pref browser.download.panel.shown to true
1553676307535	Marionette	DEBUG	Setting recommended pref browser.newtabpage.enabled to false
1553676307535	Marionette	DEBUG	Setting recommended pref browser.pagethumbnails.capturing_disabled to true
1553676307535	Marionette	DEBUG	Setting recommended pref browser.search.update to false
1553676307535	Marionette	DEBUG	Setting recommended pref browser.tabs.disableBackgroundZombification to false
1553676307536	Marionette	DEBUG	Setting recommended pref browser.tabs.warnOnCloseOtherTabs to false
1553676307536	Marionette	DEBUG	Setting recommended pref browser.tabs.warnOnOpen to false
1553676307536	Marionette	DEBUG	Setting recommended pref browser.usedOnWindows10.introURL to 
1553676307536	Marionette	DEBUG	Setting recommended pref browser.urlbar.suggest.searches to false
1553676307536	Marionette	DEBUG	Setting recommended pref datareporting.policy.dataSubmissionPolicyAccepted to false
1553676307536	Marionette	DEBUG	Setting recommended pref dom.disable_beforeunload to true
1553676307536	Marionette	DEBUG	Setting recommended pref dom.disable_open_during_load to false
1553676307536	Marionette	DEBUG	Setting recommended pref dom.file.createInChild to true
1553676307537	Marionette	DEBUG	Setting recommended pref dom.max_chrome_script_run_time to 0
1553676307537	Marionette	DEBUG	Setting recommended pref dom.max_script_run_time to 0
1553676307537	Marionette	DEBUG	Setting recommended pref extensions.getAddons.cache.enabled to false
1553676307537	Marionette	DEBUG	Setting recommended pref extensions.webservice.discoverURL to http://%(server)s/dummy/discoveryURL
1553676307537	Marionette	DEBUG	Setting recommended pref network.http.prompt-temp-redirect to false
1553676307537	Marionette	DEBUG	Setting recommended pref network.http.speculative-parallel-limit to 0
1553676307537	Marionette	DEBUG	Setting recommended pref security.fileuri.strict_origin_policy to false
1553676307537	Marionette	DEBUG	Setting recommended pref security.notification_enable_delay to 0
1553676307538	Marionette	DEBUG	Setting recommended pref signon.autofillForms to false
1553676307538	Marionette	DEBUG	Setting recommended pref signon.rememberSignons to false
1553676307538	Marionette	DEBUG	Setting recommended pref toolkit.cosmeticAnimations.enabled to false
1553676307572	Marionette	INFO	Listening on port 55224
1553676307572	Marionette	DEBUG	Remote service is active
1553676307728	Marionette	DEBUG	Accepted connection 0 from 127.0.0.1:55241
1553676307731	Marionette	DEBUG	0 -> [0,1,"WebDriver:NewSession",{"acceptInsecureCerts":true,"browserName":"firefox","capabilities":{"desiredCapabilities":{"acceptInsecureCerts":true,"browserName":"firefox"}}}]
1553676307731	Marionette	WARN	TLS certificate errors will be ignored for this session
1553676307784	Marionette	TRACE	[6442450945] Frame script loaded
1553676307790	Marionette	TRACE	[6442450945] Frame script registered
1553676307792	Marionette	DEBUG	0 <- [1,1,null,{"sessionId":"d44ce664-f14c-4ac0-b09a-af5f847bf06b","capabilities":{"browserName":"firefox","browserVersion":"66.0. ... alse,"moz:webdriverClick":true,"capabilities":{"desiredCapabilities":{"acceptInsecureCerts":true,"browserName":"firefox"}}}}]
1553676307826	Marionette	DEBUG	0 -> [0,2,"WebDriver:MaximizeWindow",{}]
1553676308358	Marionette	DEBUG	0 <- [1,2,null,{"x":-8,"y":-8,"width":1936,"height":1056}]
1553676308615	Marionette	DEBUG	Closed connection 0
JavaScript error: resource://activity-stream/lib/ActivityStreamPrefs.jsm, line 23: NS_ERROR_ILLEGAL_VALUE: Component returned failure code: 0x80070057 (NS_ERROR_ILLEGAL_VALUE) [nsIPrefBranch.removeObserver]
[Parent 14784, Gecko_IOThread] WARNING: pipe error: 109: file z:/build/build/src/ipc/chromium/src/chrome/common/ipc_channel_win.cc, line 332
[Child 16592, Chrome_ChildThread] WARNING: pipe error: 109: file z[:/build/build/src/ipc/chromium/src/chrome/comChild 18552, Chrome_ChildThread] WARNING: pipe error: 109: file z:/build/build/src/ipc/chromium/src/chrome/commonmon/ipc_channel_win.cc, line 332
[Child 16592, Chrom/ipc_channel_e_ChildThread] WARNING: pipe error: 109: file z:/build/build/src/ipc/chromium/src/chrome/wincommon/i.cc, line 332
[Child 1[Child 16504, Chrome_ChildThread] WARNING: pipe error: 109: file z:/build/build/src/ipc/chromium/src/chrome/common/ipc_channel_win.cc, line 332
[Child 16504, Chrome_ChildThread] WARNING: pipe error: 109: file z:JavaScript error: resource://gre/modules/JSONFile.jsm, line 159: Error: Data is not ready.
console.error: PushService: 
  clearOriginData: Error clearing origin data:
  AbortError
console.error: PushService: 
  stateChangeProcessEnqueue: Error transitioning state
  AbortError

###!!! [Parent][DispatchAsyncMessage] Error: PBackgroundIDBFactory::Msg_PBackgroundIDBFactoryRequestConstructor Value error: message was deserialized, but contained an illegal value


###!!! [Parent][DispatchAsyncMessage] Error: PBackgroundIDBFactory::Msg_PBackgroundIDBFactoryRequestConstructor Value error: message was deserialized, but contained an illegal value

1553676311945	Marionette	TRACE	Received observer notification xpcom-will-shutdown
1553676311945	Marionette	DEBUG	Resetting recommended pref app.update.disabledForTesting
1553676311945	Marionette	DEBUG	Resetting recommended pref apz.content_response_timeout
1553676311945	Marionette	DEBUG	Resetting recommended pref browser.contentblocking.introCount
1553676311945	Marionette	DEBUG	Resetting recommended pref browser.download.panel.shown
1553676311945	Marionette	DEBUG	Resetting recommended pref browser.newtabpage.enabled
1553676311946	Marionette	DEBUG	Resetting recommended pref browser.pagethumbnails.capturing_disabled
1553676311946	Marionette	DEBUG	Resetting recommended pref browser.search.update
1553676311946	Marionette	DEBUG	Resetting recommended pref browser.tabs.disableBackgroundZombification
1553676311946	Marionette	DEBUG	Resetting recommended pref browser.tabs.warnOnCloseOtherTabs
1553676311946	Marionette	DEBUG	Resetting recommended pref browser.tabs.warnOnOpen
1553676311946	Marionette	DEBUG	Resetting recommended pref browser.usedOnWindows10.introURL
1553676311946	Marionette	DEBUG	Resetting recommended pref browser.urlbar.suggest.searches
1553676311947	Marionette	DEBUG	Resetting recommended pref datareporting.policy.dataSubmissionPolicyAccepted
1553676311947	Marionette	DEBUG	Resetting recommended pref dom.disable_beforeunload
1553676311947	Marionette	DEBUG	Resetting recommended pref dom.disable_open_during_load
1553676311947	Marionette	DEBUG	Resetting recommended pref dom.file.createInChild
1553676311947	Marionette	DEBUG	Resetting recommended pref dom.max_chrome_script_run_time
1553676311947	Marionette	DEBUG	Resetting recommended pref dom.max_script_run_time
1553676311947	Marionette	DEBUG	Resetting recommended pref extensions.getAddons.cache.enabled
1553676311947	Marionette	DEBUG	Resetting recommended pref extensions.webservice.discoverURL
1553676311947	Marionette	DEBUG	Resetting recommended pref network.http.prompt-temp-redirect
1553676311947	Marionette	DEBUG	Resetting recommended pref network.http.speculative-parallel-limit
1553676311947	Marionette	DEBUG	Resetting recommended pref security.fileuri.strict_origin_policy
1553676311947	Marionette	DEBUG	Resetting recommended pref security.notification_enable_delay
1553676311947	Marionette	DEBUG	Resetting recommended pref signon.autofillForms
1553676311948	Marionette	DEBUG	Resetting recommended pref signon.rememberSignons
1553676311948	Marionette	DEBUG	Resetting recommended pref toolkit.cosmeticAnimations.enabled
1553676311948	Marionette	INFO	Stopped listening on port 55224
1553676311948	Marionette	DEBUG	Remote service is inactive
[GPU
###!!! [Child][RunMessage] Error: Channel closing: too late to send/recv, messages will be lost

 18132,
###!!! [Child][MessageChannel::SendAndWait] Error: Channel error: cannot send/recv

1553676327060	geckodriver	INFO	geckodriver 0.21.0 (c7d3022be6420de1ca4076d932aa32b299f3ea10 2018-06-14)
1553676327071	geckodriver	INFO	Listening on 127.0.0.1:55255
1553676354037	geckodriver	INFO	geckodriver 0.21.0 (c7d3022be6420de1ca4076d932aa32b299f3ea10 2018-06-14)
1553676354047	geckodriver	INFO	Listening on 127.0.0.1:55269
1553677088867	geckodriver	INFO	geckodriver 0.21.0 (c7d3022be6420de1ca4076d932aa32b299f3ea10 2018-06-14)
1553677088877	geckodriver	INFO	Listening on 127.0.0.1:55849
1553677090897	mozrunner::runner	INFO	Running command: "C:\\Program Files (x86)\\Mozilla Firefox\\firefox.exe" "-marionette" "-foreground" "-no-remote" "-profile" "C:\\Users\\ADMINI~1\\AppData\\Local\\Temp\\rust_mozprofile.XTM1y2eJlysc"
